<?xml version="1.0" encoding="UTF-8"?>
<!-- Generated by org.testng.reporters.JUnitReportReporter -->
<testsuite hostname="AjinkyaD-InteliMac.local" failures="0" tests="1" name="ValidateMap" time="13.642" errors="0" timestamp="2021-01-10T20:12:05 IST" skipped="0">
  <testcase classname="ValidateMap" name="NaviagteToMap" time="13.642"/>
  <system-out/>
</testsuite> <!-- ValidateMap -->
