<?xml version="1.0" encoding="UTF-8"?>
<!-- Generated by org.testng.reporters.JUnitReportReporter -->
<testsuite hostname="AjinkyaD-InteliMac.local" failures="0" tests="1" name="TestOpenMap" time="0.023" errors="0" timestamp="2021-01-10T13:26:29 IST" skipped="0">
  <testcase classname="TestOpenMap" name="NaviagteToMap" time="0.023"/>
  <system-out/>
</testsuite> <!-- TestOpenMap -->
